<?xml version="1.0" encoding="UTF-8"?>
<robot generator="Robot 5.0 (Python 3.10.4 on win32)" generated="20220411 09:42:11.212" rpa="false" schemaversion="3">
<suite id="s1" name="Test" source="c:\qaninja\robot\test.robot">
<test id="s1-t1" name="Deve retornar mensagem de boas vindas" line="6">
<kw name="Welcome" library="app">
<var>${result}</var>
<arg>Tania</arg>
<msg timestamp="20220411 09:42:11.243" level="INFO">${result} = Olá Tania, bem-vinda ao curso básico de Robot Framework!</msg>
<status status="PASS" starttime="20220411 09:42:11.242" endtime="20220411 09:42:11.243"/>
</kw>
<kw name="Should Be Equal" library="BuiltIn">
<arg>${result}</arg>
<arg>Olá Tania, bem vinda ao curso básico de Robot Framework!</arg>
<doc>Fails if the given objects are unequal.</doc>
<msg timestamp="20220411 09:42:11.244" level="FAIL">Olá Tania, bem-vinda ao curso básico de Robot Framework! != Olá Tania, bem vinda ao curso básico de Robot Framework!</msg>
<status status="FAIL" starttime="20220411 09:42:11.243" endtime="20220411 09:42:11.244"/>
</kw>
<status status="FAIL" starttime="20220411 09:42:11.242" endtime="20220411 09:42:11.244">Olá Tania, bem-vinda ao curso básico de Robot Framework! != Olá Tania, bem vinda ao curso básico de Robot Framework!</status>
</test>
<status status="FAIL" starttime="20220411 09:42:11.214" endtime="20220411 09:42:11.247"/>
</suite>
<statistics>
<total>
<stat pass="0" fail="1" skip="0">All Tests</stat>
</total>
<tag>
</tag>
<suite>
<stat pass="0" fail="1" skip="0" id="s1" name="Test">Test</stat>
</suite>
</statistics>
<errors>
</errors>
</robot>
