<?xml version="1.0" encoding="UTF-8"?>
<robot generator="Robot 5.0 (Python 3.10.4 on win32)" generated="20220411 10:02:47.429" rpa="false" schemaversion="3">
<suite id="s1" name="Title" source="c:\qaninja\robot\web\title.robot">
<test id="s1-t1" name="Should See Page Title" line="6">
<kw name="Open Browser" library="SeleniumLibrary">
<arg>https://training-wheels-protocol.herokuapp.com</arg>
<arg>chrome</arg>
<doc>Opens a new browser instance to the optional ``url``.</doc>
<msg timestamp="20220411 10:02:47.664" level="INFO">Opening browser 'chrome' to base url 'https://training-wheels-protocol.herokuapp.com'.</msg>
<status status="PASS" starttime="20220411 10:02:47.664" endtime="20220411 10:02:51.048"/>
</kw>
<kw name="Title Should Be" library="SeleniumLibrary">
<arg>Training Wheels Protocol</arg>
<doc>Verifies that the current page title equals ``title``.</doc>
<msg timestamp="20220411 10:02:51.054" level="INFO">Page title is 'Training Wheels Protocol'.</msg>
<status status="PASS" starttime="20220411 10:02:51.050" endtime="20220411 10:02:51.054"/>
</kw>
<kw name="Close Browser" library="SeleniumLibrary">
<doc>Closes the current browser.</doc>
<status status="PASS" starttime="20220411 10:02:51.054" endtime="20220411 10:02:53.174"/>
</kw>
<status status="PASS" starttime="20220411 10:02:47.663" endtime="20220411 10:02:53.174"/>
</test>
<status status="PASS" starttime="20220411 10:02:47.431" endtime="20220411 10:02:53.177"/>
</suite>
<statistics>
<total>
<stat pass="1" fail="0" skip="0">All Tests</stat>
</total>
<tag>
</tag>
<suite>
<stat pass="1" fail="0" skip="0" id="s1" name="Title">Title</stat>
</suite>
</statistics>
<errors>
</errors>
</robot>
